[
  {
    "level": "INFO",
    "message": "android.ndkVersion from module build.gradle is 21.3.6528147"
  },
  {
    "level": "INFO",
    "message": "ndk.dir in local.properties is not set"
  },
  {
    "level": "INFO",
    "message": "ANDROID_NDK_HOME environment variable is not set"
  },
  {
    "level": "INFO",
    "message": "sdkFolder is C:\\Users\\Mani\\AppData\\Local\\Android\\Sdk"
  },
  {
    "level": "INFO",
    "message": "Considering C:\\Users\\Mani\\AppData\\Local\\Android\\Sdk\\ndk-bundle in SDK ndk-bundle folder"
  },
  {
    "level": "INFO",
    "message": "Considering C:\\Users\\Mani\\AppData\\Local\\Android\\Sdk\\ndk\\21.1.6352462 in SDK ndk folder"
  },
  {
    "level": "INFO",
    "message": "Considering C:\\Users\\Mani\\AppData\\Local\\Android\\Sdk\\ndk\\23.0.7599858 in SDK ndk folder"
  },
  {
    "level": "INFO",
    "message": "Rejected C:\\Users\\Mani\\AppData\\Local\\Android\\Sdk\\ndk\\23.0.7599858 in SDK ndk folder because that NDK had version 23.0.7599858 which didn\u0027t match the requested version 21.3.6528147"
  },
  {
    "level": "INFO",
    "message": "Rejected C:\\Users\\Mani\\AppData\\Local\\Android\\Sdk\\ndk\\21.1.6352462 in SDK ndk folder because that NDK had version 21.1.6352462 which didn\u0027t match the requested version 21.3.6528147"
  },
  {
    "level": "INFO",
    "message": "Rejected C:\\Users\\Mani\\AppData\\Local\\Android\\Sdk\\ndk-bundle in SDK ndk-bundle folder because that NDK had version 22.1.7171670 which didn\u0027t match the requested version 21.3.6528147"
  },
  {
    "level": "ERROR",
    "message": "No version of NDK matched the requested version 21.3.6528147. Versions available locally: 21.1.6352462, 22.1.7171670, 23.0.7599858"
  }
]